<?xml version="1.0" encoding="UTF-8"?>
<!-- Generated by org.testng.reporters.JUnitXMLReporter -->
<testsuite ignored="2" hostname="MSI2" failures="1" tests="1" name="Test(failed)" time="0.063" errors="0" timestamp="2024-11-18T13:55:51 IST">
  <testcase classname="TestNG.ex9_Sample2" name="TC6" time="0.017">
    <failure type="java.lang.AssertionError" message="Failed TC6: both Results are diff expected [xyz] but found [abcd]">
      <![CDATA[java.lang.AssertionError: Failed TC6: both Results are diff expected [xyz] but found [abcd]
at TestNG.ex9_Sample2.TC6(ex9_Sample2.java:26)
at java.base/java.util.ArrayList.forEach(ArrayList.java:1596)
... Removed 30 stack frames]]>
    </failure>
  </testcase> <!-- TC6 -->
  <testcase classname="TestNG.ex9_Sample2" name="TC4" time="0.0">
    <ignored/>
  </testcase> <!-- TC4 -->
  <testcase classname="TestNG.ex9_Sample2" name="TC5" time="0.0">
    <ignored/>
  </testcase> <!-- TC5 -->
</testsuite> <!-- Test(failed) -->
